<?xml version="1.0" encoding="UTF-8"?>
<testsuite xmlns:xsi="http://www.w3.org/2001/XMLSchema-instance" xsi:noNamespaceSchemaLocation="https://maven.apache.org/surefire/maven-surefire-plugin/xsd/surefire-test-report-3.0.xsd" version="3.0" name="CalculatorModelisationTest.OperationsTest.BasicOperationsTest.DivisionTest" time="0.025" tests="6" errors="0" skipped="0" failures="0">
  <properties>
[...]
</properties>
  <testcase name="testAddNumberWithZero" classname="CalculatorModelisationTest.OperationsTest.BasicOperationsTest.DivisionTest" time="0.01"/>
  <testcase name="testDivisionPositiveAndNegativeNumbers" classname="CalculatorModelisationTest.OperationsTest.BasicOperationsTest.DivisionTest" time="0.001"/>
  <testcase name="testDivisionPositiveNumbers" classname="CalculatorModelisationTest.OperationsTest.BasicOperationsTest.DivisionTest" time="0.002"/>
  <testcase name="testDivisionFloatingNumbers" classname="CalculatorModelisationTest.OperationsTest.BasicOperationsTest.DivisionTest" time="0.001"/>
  <testcase name="testDivisionNegativeNumbers" classname="CalculatorModelisationTest.OperationsTest.BasicOperationsTest.DivisionTest" time="0.002"/>
  <testcase name="testDivisionSmallFloatingNumber" classname="CalculatorModelisationTest.OperationsTest.BasicOperationsTest.DivisionTest" time="0.001"/>
</testsuite>